Arguments: 
  /home/m23/.nvm/versions/node/v18.15.0/bin/node /home/m23/.nvm/versions/node/v18.15.0/bin/yarn

PATH: 
  /home/m23/.nvm/versions/node/v18.15.0/bin:/home/m23/.gvm/bin:/home/m23/.gvm/bin:/home/m23/miniconda3/bin:/home/m23/miniconda3/condabin:/home/m23/.cargo/bin:/home/m23/.local/bin:/usr/local/sbin:/usr/local/bin:/usr/sbin:/usr/bin:/sbin:/bin:/usr/games:/usr/local/games:/snap/bin

Yarn version: 
  1.22.19

Node version: 
  18.15.0

Platform: 
  linux x64

Trace: 
  Error: https://registry.yarnpkg.com/@emotion%2freact: tunneling socket could not be established, cause=connect ECONNREFUSED 127.0.0.1:7890
      at ClientRequest.onError (/home/m23/.nvm/versions/node/v18.15.0/lib/node_modules/yarn/lib/cli.js:152376:17)
      at Object.onceWrapper (node:events:628:26)
      at ClientRequest.emit (node:events:513:28)
      at Socket.socketErrorListener (node:_http_client:502:9)
      at Socket.emit (node:events:513:28)
      at emitErrorNT (node:internal/streams/destroy:151:8)
      at emitErrorCloseNT (node:internal/streams/destroy:116:3)
      at process.processTicksAndRejections (node:internal/process/task_queues:82:21)

npm manifest: 
  {
    "name": "Civi",
    "private": true,
    "version": "0.1.0",
    "scripts": {
      "dev": "next dev",
      "build": "next build",
      "start": "next start",
      "lint": "next lint",
      "export": "next export"
    },
    "dependencies": {
      "@emotion/react": "^11.11.1",
      "@emotion/styled": "^11.11.0",
      "@fortawesome/fontawesome-svg-core": "^6.4.0",
      "@fortawesome/free-brands-svg-icons": "^6.4.0",
      "@fortawesome/react-fontawesome": "^0.2.0",
      "@mui/material": "^5.13.6",
      "@mui/styled-engine-sc": "^5.12.0",
      "@rainbow-me/rainbowkit": "^0.12.13",
      "bootstrap": "^5.3.0",
      "element-ui": "^2.15.13",
      "ethers": "^5.0.0",
      "next": "^12.1.6",
      "react": "^18.1.0",
      "react-bootstrap": "^2.8.0",
      "react-dom": "^18.1.0",
      "react-no-ssr": "^1.1.0",
      "styled-components": "^6.0.0-rc.6",
      "wagmi": "^0.12.0"
    },
    "devDependencies": {
      "@types/node": "^17.0.35",
      "@types/react": "^18.0.9",
      "eslint": "^8.15.0",
      "eslint-config-next": "^12.1.6",
      "typescript": "^4.9.4"
    }
  }

yarn manifest: 
  No manifest

Lockfile: 
  No lockfile
